0 info it worked if it ends with ok
1 verbose cli [ 'C:\\Program Files\\nodejs\\node.exe',
1 verbose cli   'C:\\Users\\mulhyac\\AppData\\Roaming\\npm\\node_modules\\npm\\bin\\npm-cli.js',
1 verbose cli   'run',
1 verbose cli   'dev' ]
2 info using npm@3.10.7
3 info using node@v10.16.0
4 verbose run-script [ 'predev', 'dev', 'postdev' ]
5 info lifecycle eladmin@2.1.0~predev: eladmin@2.1.0
6 silly lifecycle eladmin@2.1.0~predev: no script for predev, continuing
7 info lifecycle eladmin@2.1.0~dev: eladmin@2.1.0
8 verbose lifecycle eladmin@2.1.0~dev: unsafe-perm in lifecycle true
9 verbose lifecycle eladmin@2.1.0~dev: PATH: C:\Users\mulhyac\AppData\Roaming\npm\node_modules\npm\bin\node-gyp-bin;C:\Users\mulhyac\Desktop\file\BlueLagoon\investor-qd\node_modules\.bin;C:\ProgramData\Oracle\Java\javapath;C:\WINDOWS\system32;C:\WINDOWS;C:\WINDOWS\System32\Wbem;C:\WINDOWS\System32\WindowsPowerShell\v1.0\;d:\app\Java\jdk1.8.0_161\bin;d:\app\Java\jdk1.8.0_161\jre\bin;D:\jmeter\apache-jmeter-4.0\bin;C:\strawberry\c\bin;C:\strawberry\perl\bin;C:\Program Files\nodejs\;D:\app\Git\cmd;C:\Users\mulhyac\AppData\Local\Microsoft\WindowsApps;C:\Users\mulhyac\AppData\Roaming\npm;C:\Users\mulhyac\AppData\Local\Programs\Microsoft VS Code\bin
10 verbose lifecycle eladmin@2.1.0~dev: CWD: C:\Users\mulhyac\Desktop\file\BlueLagoon\investor-qd
11 silly lifecycle eladmin@2.1.0~dev: Args: [ '/d /s /c',
11 silly lifecycle   'cross-env BABEL_ENV=development webpack-dev-server --inline --progress --config build/webpack.dev.conf.js' ]
12 silly lifecycle eladmin@2.1.0~dev: Returned: code: 3221225786  signal: null
13 info lifecycle eladmin@2.1.0~dev: Failed to exec dev script
14 verbose stack Error: eladmin@2.1.0 dev: `cross-env BABEL_ENV=development webpack-dev-server --inline --progress --config build/webpack.dev.conf.js`
14 verbose stack Exit status 3221225786
14 verbose stack     at EventEmitter.<anonymous> (C:\Users\mulhyac\AppData\Roaming\npm\node_modules\npm\lib\utils\lifecycle.js:255:16)
14 verbose stack     at EventEmitter.emit (events.js:198:13)
14 verbose stack     at ChildProcess.<anonymous> (C:\Users\mulhyac\AppData\Roaming\npm\node_modules\npm\lib\utils\spawn.js:40:14)
14 verbose stack     at ChildProcess.emit (events.js:198:13)
14 verbose stack     at maybeClose (internal/child_process.js:982:16)
14 verbose stack     at Process.ChildProcess._handle.onexit (internal/child_process.js:259:5)
15 verbose pkgid eladmin@2.1.0
16 verbose cwd C:\Users\mulhyac\Desktop\file\BlueLagoon\investor-qd
17 error Windows_NT 10.0.16299
18 error argv "C:\\Program Files\\nodejs\\node.exe" "C:\\Users\\mulhyac\\AppData\\Roaming\\npm\\node_modules\\npm\\bin\\npm-cli.js" "run" "dev"
19 error node v10.16.0
20 error npm  v3.10.7
21 error code ELIFECYCLE
22 error eladmin@2.1.0 dev: `cross-env BABEL_ENV=development webpack-dev-server --inline --progress --config build/webpack.dev.conf.js`
22 error Exit status 3221225786
23 error Failed at the eladmin@2.1.0 dev script 'cross-env BABEL_ENV=development webpack-dev-server --inline --progress --config build/webpack.dev.conf.js'.
23 error Make sure you have the latest version of node.js and npm installed.
23 error If you do, this is most likely a problem with the eladmin package,
23 error not with npm itself.
23 error Tell the author that this fails on your system:
23 error     cross-env BABEL_ENV=development webpack-dev-server --inline --progress --config build/webpack.dev.conf.js
23 error You can get information on how to open an issue for this project with:
23 error     npm bugs eladmin
23 error Or if that isn't available, you can get their info via:
23 error     npm owner ls eladmin
23 error There is likely additional logging output above.
24 verbose exit [ 1, true ]
